<?xml version="1.0" encoding="UTF-8"?>
<!-- Generated by org.testng.reporters.JUnitXMLReporter -->
<testsuite ignored="0" hostname="DESKTOP-VV5GALI" failures="0" tests="5" name="EdgeTest" time="62.797" errors="0" timestamp="2024-06-07T11:44:01 IST">
  <testcase classname="testCases.TC_003_LoginDataDriverntest" name="verify_loginDDtest" time="3.078"/>
  <testcase classname="testCases.TC_003_LoginDataDriverntest" name="verify_loginDDtest" time="16.687"/>
  <testcase classname="testCases.TC_003_LoginDataDriverntest" name="verify_loginDDtest" time="16.237"/>
  <testcase classname="testCases.TC_003_LoginDataDriverntest" name="verify_loginDDtest" time="16.314"/>
  <testcase classname="testCases.TC_003_LoginDataDriverntest" name="verify_loginDDtest" time="2.102"/>
</testsuite> <!-- EdgeTest -->
