<?xml version="1.0" encoding="UTF-8"?>
<testng-results ignored="0" total="2" passed="2" failed="0" skipped="0">
  <reporter-output>
  </reporter-output>
  <suite started-at="2024-06-26T10:54:42 IST" name="Suite" finished-at="2024-06-26T10:54:58 IST" duration-ms="16287">
    <groups>
      <group name="Regression">
        <method signature="TC_001_AccountRegistrationTest.validate_acc_registration()[pri:0, instance:testCases.TC_001_AccountRegistrationTest@7e057f43]" name="validate_acc_registration" class="testCases.TC_001_AccountRegistrationTest"/>
      </group> <!-- Regression -->
      <group name="sanity">
        <method signature="TC_002_LoginTest.Verify_loginTest()[pri:0, instance:testCases.TC_002_LoginTest@7c137fd5]" name="Verify_loginTest" class="testCases.TC_002_LoginTest"/>
      </group> <!-- sanity -->
      <group name="master">
        <method signature="TC_001_AccountRegistrationTest.validate_acc_registration()[pri:0, instance:testCases.TC_001_AccountRegistrationTest@7e057f43]" name="validate_acc_registration" class="testCases.TC_001_AccountRegistrationTest"/>
        <method signature="TC_002_LoginTest.Verify_loginTest()[pri:0, instance:testCases.TC_002_LoginTest@7c137fd5]" name="Verify_loginTest" class="testCases.TC_002_LoginTest"/>
      </group> <!-- master -->
    </groups>
    <test started-at="2024-06-26T10:54:42 IST" name="chromeTest" finished-at="2024-06-26T10:54:58 IST" duration-ms="16287">
      <class name="testCases.TC_001_AccountRegistrationTest">
        <test-method is-config="true" signature="setUp(java.lang.String,java.lang.String)[pri:0, instance:testCases.TC_001_AccountRegistrationTest@7e057f43]" started-at="2024-06-26T10:54:43 IST" name="setUp" finished-at="2024-06-26T10:54:48 IST" duration-ms="5828" status="PASS">
          <params>
            <param index="0">
              <value>
                <![CDATA[Window]]>
              </value>
            </param>
            <param index="1">
              <value>
                <![CDATA[chrome]]>
              </value>
            </param>
          </params>
          <reporter-output>
          </reporter-output>
        </test-method> <!-- setUp -->
        <test-method signature="validate_acc_registration()[pri:0, instance:testCases.TC_001_AccountRegistrationTest@7e057f43]" started-at="2024-06-26T10:54:48 IST" name="validate_acc_registration" finished-at="2024-06-26T10:54:53 IST" duration-ms="4192" status="PASS">
          <reporter-output>
          </reporter-output>
        </test-method> <!-- validate_acc_registration -->
        <test-method is-config="true" signature="tearDown()[pri:0, instance:testCases.TC_001_AccountRegistrationTest@7e057f43]" started-at="2024-06-26T10:54:53 IST" name="tearDown" finished-at="2024-06-26T10:54:53 IST" duration-ms="227" status="PASS">
          <reporter-output>
          </reporter-output>
        </test-method> <!-- tearDown -->
      </class> <!-- testCases.TC_001_AccountRegistrationTest -->
      <class name="testCases.TC_002_LoginTest">
        <test-method is-config="true" signature="setUp(java.lang.String,java.lang.String)[pri:0, instance:testCases.TC_002_LoginTest@7c137fd5]" started-at="2024-06-26T10:54:53 IST" name="setUp" finished-at="2024-06-26T10:54:57 IST" duration-ms="3885" status="PASS">
          <params>
            <param index="0">
              <value>
                <![CDATA[Window]]>
              </value>
            </param>
            <param index="1">
              <value>
                <![CDATA[chrome]]>
              </value>
            </param>
          </params>
          <reporter-output>
          </reporter-output>
        </test-method> <!-- setUp -->
        <test-method signature="Verify_loginTest()[pri:0, instance:testCases.TC_002_LoginTest@7c137fd5]" started-at="2024-06-26T10:54:57 IST" name="Verify_loginTest" finished-at="2024-06-26T10:54:58 IST" duration-ms="1459" status="PASS">
          <reporter-output>
          </reporter-output>
        </test-method> <!-- Verify_loginTest -->
        <test-method is-config="true" signature="tearDown()[pri:0, instance:testCases.TC_002_LoginTest@7c137fd5]" started-at="2024-06-26T10:54:58 IST" name="tearDown" finished-at="2024-06-26T10:54:58 IST" duration-ms="232" status="PASS">
          <reporter-output>
          </reporter-output>
        </test-method> <!-- tearDown -->
      </class> <!-- testCases.TC_002_LoginTest -->
    </test> <!-- chromeTest -->
  </suite> <!-- Suite -->
</testng-results>
